<?xml version="1.0" encoding="UTF-8"?>
<testng-results skipped="1" failed="1" ignored="0" total="6" passed="4">
  <reporter-output>
    <line>
      <![CDATA[Navigate to:'http://opensource.demo.orangehrmlive.com']]>
    </line>
    <line>
      <![CDATA[<a href='C:\Users\Parth\git\MastekBlanketPOM\src\main\java\com\test\automation\MastekBlanketPOM\screenShot\TestLogin_TC001_30_07_2017_03_26_39.png'><img src='C:\Users\Parth\git\MastekBlanketPOM\src\main\java\com\test\automation\MastekBlanketPOM\screenShot\TestLogin_TC001_30_07_2017_03_26_39.png' height='100' width='100'/></a>]]>
    </line>
    <line>
      <![CDATA[<a href='C:\Users\Parth\git\MastekBlanketPOM\src\main\java\com\test\automation\MastekBlanketPOM\screenShot\TestLogin_TC003_30_07_2017_03_26_44.png'><img src='C:\Users\Parth\git\MastekBlanketPOM\src\main\java\com\test\automation\MastekBlanketPOM\screenShot\TestLogin_TC003_30_07_2017_03_26_44.png' height='100' width='100'/></a>]]>
    </line>
    <line>
      <![CDATA[<a href='C:\Users\Parth\git\MastekBlanketPOM\src\main\java\com\test\automation\MastekBlanketPOM\screenShot\TestLogin_TC004_30_07_2017_03_26_48.png'><img src='C:\Users\Parth\git\MastekBlanketPOM\src\main\java\com\test\automation\MastekBlanketPOM\screenShot\TestLogin_TC004_30_07_2017_03_26_48.png' height='100' width='100'/></a>]]>
    </line>
    <line>
      <![CDATA[<a href='C:\Users\Parth\git\MastekBlanketPOM\src\main\java\com\test\automation\MastekBlanketPOM\screenShot\TestLogin_TC005_30_07_2017_03_26_52.png'><img src='C:\Users\Parth\git\MastekBlanketPOM\src\main\java\com\test\automation\MastekBlanketPOM\screenShot\TestLogin_TC005_30_07_2017_03_26_52.png' height='100' width='100'/></a>]]>
    </line>
    <line>
      <![CDATA[<a href='C:\Users\Parth\git\MastekBlanketPOM\src\main\java\com\test\automation\MastekBlanketPOM\screenShot\blank_30_07_2017_03_27_10.png'><img src='C:\Users\Parth\git\MastekBlanketPOM\src\main\java\com\test\automation\MastekBlanketPOM\screenShot\blank_30_07_2017_03_27_10.png' height='100' width='100'/></a>]]>
    </line>
  </reporter-output>
  <suite name="Default suite" duration-ms="46247" started-at="2017-07-30T09:56:25Z" finished-at="2017-07-30T09:57:11Z">
    <groups>
    </groups>
    <test name="Default test" duration-ms="46247" started-at="2017-07-30T09:56:25Z" finished-at="2017-07-30T09:57:11Z">
      <class name="com.test.automation.MastekBlanketPOM.login.TC001_Login">
        <test-method status="PASS" signature="setUp()[pri:0, instance:com.test.automation.MastekBlanketPOM.login.TC001_Login@29ba4338]" name="setUp" is-config="true" duration-ms="9549" started-at="2017-07-30T15:26:25Z" finished-at="2017-07-30T15:26:34Z">
          <reporter-output>
            <line>
              <![CDATA[Navigate to:'http://opensource.demo.orangehrmlive.com']]>
            </line>
          </reporter-output>
        </test-method> <!-- setUp -->
        <test-method status="PASS" signature="BeforeMethod(java.lang.reflect.Method)[pri:0, instance:com.test.automation.MastekBlanketPOM.login.TC001_Login@29ba4338]" name="BeforeMethod" is-config="true" duration-ms="4" started-at="2017-07-30T15:26:35Z" finished-at="2017-07-30T15:26:35Z">
          <params>
            <param index="0">
              <value>
                <![CDATA[public void com.test.automation.MastekBlanketPOM.login.TC001_Login.login(java.lang.String,java.lang.String,java.lang.String,java.lang.String,java.lang.String)]]>
              </value>
            </param>
          </params>
          <reporter-output>
          </reporter-output>
        </test-method> <!-- BeforeMethod -->
        <test-method status="PASS" signature="login(java.lang.String, java.lang.String, java.lang.String, java.lang.String, java.lang.String)[pri:0, instance:com.test.automation.MastekBlanketPOM.login.TC001_Login@29ba4338]" name="login" duration-ms="4994" started-at="2017-07-30T15:26:35Z" data-provider="TestData" finished-at="2017-07-30T15:26:40Z">
          <params>
            <param index="0">
              <value>
                <![CDATA[Y]]>
              </value>
            </param>
            <param index="1">
              <value>
                <![CDATA[TC001]]>
              </value>
            </param>
            <param index="2">
              <value>
                <![CDATA[somesh]]>
              </value>
            </param>
            <param index="3">
              <value>
                <![CDATA[test]]>
              </value>
            </param>
            <param index="4">
              <value>
                <![CDATA[Invalid credentials]]>
              </value>
            </param>
          </params>
          <reporter-output>
            <line>
              <![CDATA[<a href='C:\Users\Parth\git\MastekBlanketPOM\src\main\java\com\test\automation\MastekBlanketPOM\screenShot\TestLogin_TC001_30_07_2017_03_26_39.png'><img src='C:\Users\Parth\git\MastekBlanketPOM\src\main\java\com\test\automation\MastekBlanketPOM\screenShot\TestLogin_TC001_30_07_2017_03_26_39.png' height='100' width='100'/></a>]]>
            </line>
          </reporter-output>
        </test-method> <!-- login -->
        <test-method status="PASS" signature="afterMethod(org.testng.ITestResult)[pri:0, instance:com.test.automation.MastekBlanketPOM.login.TC001_Login@29ba4338]" name="afterMethod" is-config="true" duration-ms="0" started-at="2017-07-30T15:26:40Z" finished-at="2017-07-30T15:26:40Z">
          <params>
            <param index="0">
              <value>
                <![CDATA[[TestResult name=login status=SUCCESS method=TC001_Login.login(java.lang.String, java.lang.String, java.lang.String, java.lang.String, java.lang.String)[pri:0, instance:com.test.automation.MastekBlanketPOM.login.TC001_Login@29ba4338] output=<a href='C:\Users\Parth\git\MastekBlanketPOM\src\main\java\com\test\automation\MastekBlanketPOM\screenShot\TestLogin_TC001_30_07_2017_03_26_39.png'><img src='C:\Users\Parth\git\MastekBlanketPOM\src\main\java\com\test\automation\MastekBlanketPOM\screenShot\TestLogin_TC001_30_07_2017_03_26_39.png' height='100' width='100'/></a>]]]>
              </value>
            </param>
          </params>
          <reporter-output>
          </reporter-output>
        </test-method> <!-- afterMethod -->
        <test-method status="PASS" signature="BeforeMethod(java.lang.reflect.Method)[pri:0, instance:com.test.automation.MastekBlanketPOM.login.TC001_Login@29ba4338]" name="BeforeMethod" is-config="true" duration-ms="1" started-at="2017-07-30T15:26:40Z" finished-at="2017-07-30T15:26:40Z">
          <params>
            <param index="0">
              <value>
                <![CDATA[public void com.test.automation.MastekBlanketPOM.login.TC001_Login.login(java.lang.String,java.lang.String,java.lang.String,java.lang.String,java.lang.String)]]>
              </value>
            </param>
          </params>
          <reporter-output>
          </reporter-output>
        </test-method> <!-- BeforeMethod -->
        <test-method status="SKIP" signature="login(java.lang.String, java.lang.String, java.lang.String, java.lang.String, java.lang.String)[pri:0, instance:com.test.automation.MastekBlanketPOM.login.TC001_Login@29ba4338]" name="login" duration-ms="1" started-at="2017-07-30T15:26:40Z" data-provider="TestData" finished-at="2017-07-30T15:26:40Z">
          <params>
            <param index="0">
              <value>
                <![CDATA[N]]>
              </value>
            </param>
            <param index="1">
              <value>
                <![CDATA[TC002]]>
              </value>
            </param>
            <param index="2">
              <value>
                <![CDATA[test]]>
              </value>
            </param>
            <param index="3">
              <value>
                <![CDATA[admin]]>
              </value>
            </param>
            <param index="4">
              <value>
                <![CDATA[Invalid credentials]]>
              </value>
            </param>
          </params>
          <exception class="org.testng.SkipException">
            <message>
              <![CDATA[Skipping test as per data provided]]>
            </message>
            <full-stacktrace>
              <![CDATA[org.testng.SkipException: Skipping test as per data provided
	at com.test.automation.MastekBlanketPOM.login.TC001_Login.login(TC001_Login.java:34)
	at sun.reflect.NativeMethodAccessorImpl.invoke0(Native Method)
	at sun.reflect.NativeMethodAccessorImpl.invoke(NativeMethodAccessorImpl.java:62)
	at sun.reflect.DelegatingMethodAccessorImpl.invoke(DelegatingMethodAccessorImpl.java:43)
	at java.lang.reflect.Method.invoke(Method.java:498)
	at org.testng.internal.MethodInvocationHelper.invokeMethod(MethodInvocationHelper.java:104)
	at org.testng.internal.Invoker.invokeMethod(Invoker.java:645)
	at org.testng.internal.Invoker.invokeTestMethod(Invoker.java:851)
	at org.testng.internal.Invoker.invokeTestMethods(Invoker.java:1177)
	at org.testng.internal.TestMethodWorker.invokeTestMethods(TestMethodWorker.java:129)
	at org.testng.internal.TestMethodWorker.run(TestMethodWorker.java:112)
	at org.testng.TestRunner.privateRun(TestRunner.java:756)
	at org.testng.TestRunner.run(TestRunner.java:610)
	at org.testng.SuiteRunner.runTest(SuiteRunner.java:387)
	at org.testng.SuiteRunner.runSequentially(SuiteRunner.java:382)
	at org.testng.SuiteRunner.privateRun(SuiteRunner.java:340)
	at org.testng.SuiteRunner.run(SuiteRunner.java:289)
	at org.testng.SuiteRunnerWorker.runSuite(SuiteRunnerWorker.java:52)
	at org.testng.SuiteRunnerWorker.run(SuiteRunnerWorker.java:86)
	at org.testng.TestNG.runSuitesSequentially(TestNG.java:1293)
	at org.testng.TestNG.runSuitesLocally(TestNG.java:1218)
	at org.testng.TestNG.runSuites(TestNG.java:1133)
	at org.testng.TestNG.run(TestNG.java:1104)
	at org.testng.remote.AbstractRemoteTestNG.run(AbstractRemoteTestNG.java:132)
	at org.testng.remote.RemoteTestNG.initAndRun(RemoteTestNG.java:230)
	at org.testng.remote.RemoteTestNG.main(RemoteTestNG.java:76)
]]>
            </full-stacktrace>
          </exception> <!-- org.testng.SkipException -->
          <reporter-output>
          </reporter-output>
        </test-method> <!-- login -->
        <test-method status="PASS" signature="afterMethod(org.testng.ITestResult)[pri:0, instance:com.test.automation.MastekBlanketPOM.login.TC001_Login@29ba4338]" name="afterMethod" is-config="true" duration-ms="1" started-at="2017-07-30T15:26:40Z" finished-at="2017-07-30T15:26:40Z">
          <params>
            <param index="0">
              <value>
                <![CDATA[[TestResult name=login status=SKIP method=TC001_Login.login(java.lang.String, java.lang.String, java.lang.String, java.lang.String, java.lang.String)[pri:0, instance:com.test.automation.MastekBlanketPOM.login.TC001_Login@29ba4338] output={null}]]]>
              </value>
            </param>
          </params>
          <reporter-output>
          </reporter-output>
        </test-method> <!-- afterMethod -->
        <test-method status="PASS" signature="login(java.lang.String, java.lang.String, java.lang.String, java.lang.String, java.lang.String)[pri:0, instance:com.test.automation.MastekBlanketPOM.login.TC001_Login@29ba4338]" name="login" duration-ms="4686" started-at="2017-07-30T15:26:40Z" data-provider="TestData" finished-at="2017-07-30T15:26:45Z">
          <params>
            <param index="0">
              <value>
                <![CDATA[Y]]>
              </value>
            </param>
            <param index="1">
              <value>
                <![CDATA[TC003]]>
              </value>
            </param>
            <param index="2">
              <value>
                <![CDATA[admin]]>
              </value>
            </param>
            <param index="3">
              <value>
                <![CDATA[test]]>
              </value>
            </param>
            <param index="4">
              <value>
                <![CDATA[Invalid credentials]]>
              </value>
            </param>
          </params>
          <reporter-output>
            <line>
              <![CDATA[<a href='C:\Users\Parth\git\MastekBlanketPOM\src\main\java\com\test\automation\MastekBlanketPOM\screenShot\TestLogin_TC003_30_07_2017_03_26_44.png'><img src='C:\Users\Parth\git\MastekBlanketPOM\src\main\java\com\test\automation\MastekBlanketPOM\screenShot\TestLogin_TC003_30_07_2017_03_26_44.png' height='100' width='100'/></a>]]>
            </line>
          </reporter-output>
        </test-method> <!-- login -->
        <test-method status="PASS" signature="BeforeMethod(java.lang.reflect.Method)[pri:0, instance:com.test.automation.MastekBlanketPOM.login.TC001_Login@29ba4338]" name="BeforeMethod" is-config="true" duration-ms="0" started-at="2017-07-30T15:26:40Z" finished-at="2017-07-30T15:26:40Z">
          <params>
            <param index="0">
              <value>
                <![CDATA[public void com.test.automation.MastekBlanketPOM.login.TC001_Login.login(java.lang.String,java.lang.String,java.lang.String,java.lang.String,java.lang.String)]]>
              </value>
            </param>
          </params>
          <reporter-output>
          </reporter-output>
        </test-method> <!-- BeforeMethod -->
        <test-method status="PASS" signature="afterMethod(org.testng.ITestResult)[pri:0, instance:com.test.automation.MastekBlanketPOM.login.TC001_Login@29ba4338]" name="afterMethod" is-config="true" duration-ms="0" started-at="2017-07-30T15:26:45Z" finished-at="2017-07-30T15:26:45Z">
          <params>
            <param index="0">
              <value>
                <![CDATA[[TestResult name=login status=SUCCESS method=TC001_Login.login(java.lang.String, java.lang.String, java.lang.String, java.lang.String, java.lang.String)[pri:0, instance:com.test.automation.MastekBlanketPOM.login.TC001_Login@29ba4338] output=<a href='C:\Users\Parth\git\MastekBlanketPOM\src\main\java\com\test\automation\MastekBlanketPOM\screenShot\TestLogin_TC003_30_07_2017_03_26_44.png'><img src='C:\Users\Parth\git\MastekBlanketPOM\src\main\java\com\test\automation\MastekBlanketPOM\screenShot\TestLogin_TC003_30_07_2017_03_26_44.png' height='100' width='100'/></a>]]]>
              </value>
            </param>
          </params>
          <reporter-output>
          </reporter-output>
        </test-method> <!-- afterMethod -->
        <test-method status="PASS" signature="login(java.lang.String, java.lang.String, java.lang.String, java.lang.String, java.lang.String)[pri:0, instance:com.test.automation.MastekBlanketPOM.login.TC001_Login@29ba4338]" name="login" duration-ms="3830" started-at="2017-07-30T15:26:45Z" data-provider="TestData" finished-at="2017-07-30T15:26:48Z">
          <params>
            <param index="0">
              <value>
                <![CDATA[Y]]>
              </value>
            </param>
            <param index="1">
              <value>
                <![CDATA[TC004]]>
              </value>
            </param>
            <param index="2">
              <value>
                <![CDATA[admin]]>
              </value>
            </param>
            <param index="3">
              <value>
                <![CDATA[]]>
              </value>
            </param>
            <param index="4">
              <value>
                <![CDATA[Password cannot be empty]]>
              </value>
            </param>
          </params>
          <reporter-output>
            <line>
              <![CDATA[<a href='C:\Users\Parth\git\MastekBlanketPOM\src\main\java\com\test\automation\MastekBlanketPOM\screenShot\TestLogin_TC004_30_07_2017_03_26_48.png'><img src='C:\Users\Parth\git\MastekBlanketPOM\src\main\java\com\test\automation\MastekBlanketPOM\screenShot\TestLogin_TC004_30_07_2017_03_26_48.png' height='100' width='100'/></a>]]>
            </line>
          </reporter-output>
        </test-method> <!-- login -->
        <test-method status="PASS" signature="BeforeMethod(java.lang.reflect.Method)[pri:0, instance:com.test.automation.MastekBlanketPOM.login.TC001_Login@29ba4338]" name="BeforeMethod" is-config="true" duration-ms="0" started-at="2017-07-30T15:26:45Z" finished-at="2017-07-30T15:26:45Z">
          <params>
            <param index="0">
              <value>
                <![CDATA[public void com.test.automation.MastekBlanketPOM.login.TC001_Login.login(java.lang.String,java.lang.String,java.lang.String,java.lang.String,java.lang.String)]]>
              </value>
            </param>
          </params>
          <reporter-output>
          </reporter-output>
        </test-method> <!-- BeforeMethod -->
        <test-method status="PASS" signature="BeforeMethod(java.lang.reflect.Method)[pri:0, instance:com.test.automation.MastekBlanketPOM.login.TC001_Login@29ba4338]" name="BeforeMethod" is-config="true" duration-ms="1" started-at="2017-07-30T15:26:48Z" finished-at="2017-07-30T15:26:49Z">
          <params>
            <param index="0">
              <value>
                <![CDATA[public void com.test.automation.MastekBlanketPOM.login.TC001_Login.login(java.lang.String,java.lang.String,java.lang.String,java.lang.String,java.lang.String)]]>
              </value>
            </param>
          </params>
          <reporter-output>
          </reporter-output>
        </test-method> <!-- BeforeMethod -->
        <test-method status="PASS" signature="afterMethod(org.testng.ITestResult)[pri:0, instance:com.test.automation.MastekBlanketPOM.login.TC001_Login@29ba4338]" name="afterMethod" is-config="true" duration-ms="0" started-at="2017-07-30T15:26:48Z" finished-at="2017-07-30T15:26:48Z">
          <params>
            <param index="0">
              <value>
                <![CDATA[[TestResult name=login status=SUCCESS method=TC001_Login.login(java.lang.String, java.lang.String, java.lang.String, java.lang.String, java.lang.String)[pri:0, instance:com.test.automation.MastekBlanketPOM.login.TC001_Login@29ba4338] output=<a href='C:\Users\Parth\git\MastekBlanketPOM\src\main\java\com\test\automation\MastekBlanketPOM\screenShot\TestLogin_TC004_30_07_2017_03_26_48.png'><img src='C:\Users\Parth\git\MastekBlanketPOM\src\main\java\com\test\automation\MastekBlanketPOM\screenShot\TestLogin_TC004_30_07_2017_03_26_48.png' height='100' width='100'/></a>]]]>
              </value>
            </param>
          </params>
          <reporter-output>
          </reporter-output>
        </test-method> <!-- afterMethod -->
        <test-method status="PASS" signature="login(java.lang.String, java.lang.String, java.lang.String, java.lang.String, java.lang.String)[pri:0, instance:com.test.automation.MastekBlanketPOM.login.TC001_Login@29ba4338]" name="login" duration-ms="3632" started-at="2017-07-30T15:26:49Z" data-provider="TestData" finished-at="2017-07-30T15:26:52Z">
          <params>
            <param index="0">
              <value>
                <![CDATA[Y]]>
              </value>
            </param>
            <param index="1">
              <value>
                <![CDATA[TC005]]>
              </value>
            </param>
            <param index="2">
              <value>
                <![CDATA[]]>
              </value>
            </param>
            <param index="3">
              <value>
                <![CDATA[admin]]>
              </value>
            </param>
            <param index="4">
              <value>
                <![CDATA[Username cannot be empty]]>
              </value>
            </param>
          </params>
          <reporter-output>
            <line>
              <![CDATA[<a href='C:\Users\Parth\git\MastekBlanketPOM\src\main\java\com\test\automation\MastekBlanketPOM\screenShot\TestLogin_TC005_30_07_2017_03_26_52.png'><img src='C:\Users\Parth\git\MastekBlanketPOM\src\main\java\com\test\automation\MastekBlanketPOM\screenShot\TestLogin_TC005_30_07_2017_03_26_52.png' height='100' width='100'/></a>]]>
            </line>
          </reporter-output>
        </test-method> <!-- login -->
        <test-method status="PASS" signature="BeforeMethod(java.lang.reflect.Method)[pri:0, instance:com.test.automation.MastekBlanketPOM.login.TC001_Login@29ba4338]" name="BeforeMethod" is-config="true" duration-ms="1" started-at="2017-07-30T15:26:52Z" finished-at="2017-07-30T15:26:52Z">
          <params>
            <param index="0">
              <value>
                <![CDATA[public void com.test.automation.MastekBlanketPOM.login.TC001_Login.login(java.lang.String,java.lang.String,java.lang.String,java.lang.String,java.lang.String)]]>
              </value>
            </param>
          </params>
          <reporter-output>
          </reporter-output>
        </test-method> <!-- BeforeMethod -->
        <test-method status="PASS" signature="afterMethod(org.testng.ITestResult)[pri:0, instance:com.test.automation.MastekBlanketPOM.login.TC001_Login@29ba4338]" name="afterMethod" is-config="true" duration-ms="0" started-at="2017-07-30T15:26:52Z" finished-at="2017-07-30T15:26:52Z">
          <params>
            <param index="0">
              <value>
                <![CDATA[[TestResult name=login status=SUCCESS method=TC001_Login.login(java.lang.String, java.lang.String, java.lang.String, java.lang.String, java.lang.String)[pri:0, instance:com.test.automation.MastekBlanketPOM.login.TC001_Login@29ba4338] output=<a href='C:\Users\Parth\git\MastekBlanketPOM\src\main\java\com\test\automation\MastekBlanketPOM\screenShot\TestLogin_TC005_30_07_2017_03_26_52.png'><img src='C:\Users\Parth\git\MastekBlanketPOM\src\main\java\com\test\automation\MastekBlanketPOM\screenShot\TestLogin_TC005_30_07_2017_03_26_52.png' height='100' width='100'/></a>]]]>
              </value>
            </param>
          </params>
          <reporter-output>
          </reporter-output>
        </test-method> <!-- afterMethod -->
        <test-method status="FAIL" signature="login(java.lang.String, java.lang.String, java.lang.String, java.lang.String, java.lang.String)[pri:0, instance:com.test.automation.MastekBlanketPOM.login.TC001_Login@29ba4338]" name="login" duration-ms="17438" started-at="2017-07-30T15:26:52Z" data-provider="TestData" finished-at="2017-07-30T15:27:10Z">
          <params>
            <param index="0">
              <value>
                <![CDATA[Y]]>
              </value>
            </param>
            <param index="1">
              <value>
                <![CDATA[TC006]]>
              </value>
            </param>
            <param index="2">
              <value>
                <![CDATA[admin]]>
              </value>
            </param>
            <param index="3">
              <value>
                <![CDATA[admin]]>
              </value>
            </param>
            <param index="4">
              <value>
                <![CDATA[Welcome Somesh]]>
              </value>
            </param>
          </params>
          <exception class="java.lang.AssertionError">
            <message>
              <![CDATA[expected [Welcome Somesh] but found [Welcome Admin]]]>
            </message>
            <full-stacktrace>
              <![CDATA[java.lang.AssertionError: expected [Welcome Somesh] but found [Welcome Admin]
	at org.testng.Assert.fail(Assert.java:94)
	at org.testng.Assert.failNotEquals(Assert.java:513)
	at org.testng.Assert.assertEqualsImpl(Assert.java:135)
	at org.testng.Assert.assertEquals(Assert.java:116)
	at org.testng.Assert.assertEquals(Assert.java:190)
	at org.testng.Assert.assertEquals(Assert.java:200)
	at com.test.automation.MastekBlanketPOM.login.TC001_Login.login(TC001_Login.java:39)
	at sun.reflect.NativeMethodAccessorImpl.invoke0(Native Method)
	at sun.reflect.NativeMethodAccessorImpl.invoke(NativeMethodAccessorImpl.java:62)
	at sun.reflect.DelegatingMethodAccessorImpl.invoke(DelegatingMethodAccessorImpl.java:43)
	at java.lang.reflect.Method.invoke(Method.java:498)
	at org.testng.internal.MethodInvocationHelper.invokeMethod(MethodInvocationHelper.java:104)
	at org.testng.internal.Invoker.invokeMethod(Invoker.java:645)
	at org.testng.internal.Invoker.invokeTestMethod(Invoker.java:851)
	at org.testng.internal.Invoker.invokeTestMethods(Invoker.java:1177)
	at org.testng.internal.TestMethodWorker.invokeTestMethods(TestMethodWorker.java:129)
	at org.testng.internal.TestMethodWorker.run(TestMethodWorker.java:112)
	at org.testng.TestRunner.privateRun(TestRunner.java:756)
	at org.testng.TestRunner.run(TestRunner.java:610)
	at org.testng.SuiteRunner.runTest(SuiteRunner.java:387)
	at org.testng.SuiteRunner.runSequentially(SuiteRunner.java:382)
	at org.testng.SuiteRunner.privateRun(SuiteRunner.java:340)
	at org.testng.SuiteRunner.run(SuiteRunner.java:289)
	at org.testng.SuiteRunnerWorker.runSuite(SuiteRunnerWorker.java:52)
	at org.testng.SuiteRunnerWorker.run(SuiteRunnerWorker.java:86)
	at org.testng.TestNG.runSuitesSequentially(TestNG.java:1293)
	at org.testng.TestNG.runSuitesLocally(TestNG.java:1218)
	at org.testng.TestNG.runSuites(TestNG.java:1133)
	at org.testng.TestNG.run(TestNG.java:1104)
	at org.testng.remote.AbstractRemoteTestNG.run(AbstractRemoteTestNG.java:132)
	at org.testng.remote.RemoteTestNG.initAndRun(RemoteTestNG.java:230)
	at org.testng.remote.RemoteTestNG.main(RemoteTestNG.java:76)
]]>
            </full-stacktrace>
          </exception> <!-- java.lang.AssertionError -->
          <reporter-output>
          </reporter-output>
        </test-method> <!-- login -->
        <test-method status="PASS" signature="afterMethod(org.testng.ITestResult)[pri:0, instance:com.test.automation.MastekBlanketPOM.login.TC001_Login@29ba4338]" name="afterMethod" is-config="true" duration-ms="348" started-at="2017-07-30T15:27:10Z" finished-at="2017-07-30T15:27:10Z">
          <params>
            <param index="0">
              <value>
                <![CDATA[[TestResult name=login status=FAILURE method=TC001_Login.login(java.lang.String, java.lang.String, java.lang.String, java.lang.String, java.lang.String)[pri:0, instance:com.test.automation.MastekBlanketPOM.login.TC001_Login@29ba4338] output={null}]]]>
              </value>
            </param>
          </params>
          <reporter-output>
            <line>
              <![CDATA[<a href='C:\Users\Parth\git\MastekBlanketPOM\src\main\java\com\test\automation\MastekBlanketPOM\screenShot\blank_30_07_2017_03_27_10.png'><img src='C:\Users\Parth\git\MastekBlanketPOM\src\main\java\com\test\automation\MastekBlanketPOM\screenShot\blank_30_07_2017_03_27_10.png' height='100' width='100'/></a>]]>
            </line>
          </reporter-output>
        </test-method> <!-- afterMethod -->
        <test-method status="PASS" signature="endTest()[pri:0, instance:com.test.automation.MastekBlanketPOM.login.TC001_Login@29ba4338]" name="endTest" is-config="true" duration-ms="1141" started-at="2017-07-30T15:27:10Z" finished-at="2017-07-30T15:27:11Z">
          <reporter-output>
          </reporter-output>
        </test-method> <!-- endTest -->
      </class> <!-- com.test.automation.MastekBlanketPOM.login.TC001_Login -->
    </test> <!-- Default test -->
  </suite> <!-- Default suite -->
</testng-results>
